2020-08-21 08:23:39,079:INFO:PyCaret Classification Module
2020-08-21 08:23:39,079:INFO:version 2.0
2020-08-21 08:23:39,079:INFO:Initializing setup()
2020-08-21 08:23:39,079:INFO:USI: 4544
2020-08-21 08:23:39,079:INFO:setup(data=(20000, 15), target=PERFIL, train_size=0.7, sampling=True, sample_estimator=None, categorical_features=None, categorical_imputation=constant, ordinal_features=None,
                    high_cardinality_features=None, high_cardinality_method=frequency, numeric_features=None, numeric_imputation=mean, date_features=None, ignore_features=None, normalize=False,
                    normalize_method=zscore, transformation=False, transformation_method=yeo-johnson, handle_unknown_categorical=True, unknown_categorical_method=least_frequent, pca=False, pca_method=linear,
                    pca_components=None, ignore_low_variance=False, combine_rare_levels=False, rare_level_threshold=0.1, bin_numeric_features=None, remove_outliers=False, outliers_threshold=0.05,
                    remove_multicollinearity=False, multicollinearity_threshold=0.9, remove_perfect_collinearity=False, create_clusters=False, cluster_iter=20,
                    polynomial_features=False, polynomial_degree=2, trigonometry_features=False, polynomial_threshold=0.1, group_features=None,
                    group_names=None, feature_selection=False, feature_selection_threshold=0.8, feature_interaction=False, feature_ratio=False, interaction_threshold=0.01,
                    fix_imbalance=False, fix_imbalance_method=None, data_split_shuffle=True, folds_shuffle=False, n_jobs=-1, html=True, session_id=None, log_experiment=False,
                    experiment_name=None, log_plots=False, log_profile=False, log_data=False, silent=False, verbose=True, profile=False)
2020-08-21 08:23:39,080:INFO:Checking environment
2020-08-21 08:23:39,080:INFO:python_version: 3.7.3
2020-08-21 08:23:39,080:INFO:python_build: ('default', 'Mar 27 2019 22:11:17')
2020-08-21 08:23:39,080:INFO:machine: x86_64
2020-08-21 08:23:39,081:INFO:platform: Linux-4.15.0-112-generic-x86_64-with-debian-stretch-sid
2020-08-21 08:23:39,081:INFO:Memory: svmem(total=16713211904, available=11258023936, percent=32.6, used=4675911680, free=6480969728, active=5884534784, inactive=3256807424, buffers=874803200, cached=4681527296, shared=478388224, slab=727449600)
2020-08-21 08:23:39,082:INFO:Physical Core: 2
2020-08-21 08:23:39,082:INFO:Logical Core: 4
2020-08-21 08:23:39,082:INFO:Checking libraries
2020-08-21 08:23:39,082:INFO:pd==0.25.3
2020-08-21 08:23:39,082:INFO:numpy==1.19.1
2020-08-21 08:23:39,082:INFO:sklearn==0.23.2
2020-08-21 08:23:39,082:INFO:xgboost==1.1.1
2020-08-21 08:23:39,082:INFO:lightgbm==2.3.1
2020-08-21 08:23:39,288:INFO:catboost==0.23
2020-08-21 08:23:39,689:INFO:mlflow==1.3.0
2020-08-21 08:23:39,689:INFO:Checking Exceptions
2020-08-21 08:23:39,689:INFO:Preloading libraries
2020-08-21 08:23:39,689:INFO:Preparing display monitor
2020-08-21 08:23:39,732:INFO:Importing libraries
2020-08-21 08:23:41,317:INFO:Copying data for preprocessing
2020-08-21 08:23:41,325:INFO:Declaring global variables
2020-08-21 08:23:41,348:INFO:Declaring preprocessing parameters
2020-08-21 08:23:41,348:INFO:Importing preprocessing module
2020-08-21 08:23:42,366:INFO:Creating preprocessing pipeline
2020-08-21 08:25:48,806:INFO:Preprocessing pipeline created successfully
2020-08-21 08:25:48,824:INFO:Creating grid variables
2020-08-21 08:25:48,851:INFO:Creating global containers
2020-08-21 08:25:55,016:INFO:create_model_container 0
2020-08-21 08:25:55,016:INFO:master_model_container 0
2020-08-21 08:25:55,016:INFO:display_container 0
2020-08-21 08:25:55,022:INFO:Pipeline(memory=None,
         steps=[('dtypes',
                 DataTypes_Auto_infer(categorical_features=[],
                                      display_types=True, features_todrop=[],
                                      ml_usecase='classification',
                                      numerical_features=[], target='PERFIL',
                                      time_features=[])),
                ('imputer',
                 Simple_Imputer(categorical_strategy='not_available',
                                numeric_strategy='mean',
                                target_variable=None)),
                ('new_levels1',
                 New_Catagorical_Lev...
                ('group', Empty()), ('nonliner', Empty()), ('scaling', Empty()),
                ('P_transform', Empty()), ('pt_target', Empty()),
                ('binn', Empty()), ('rem_outliers', Empty()),
                ('cluster_all', Empty()), ('dummy', Dummify(target='PERFIL')),
                ('fix_perfect', Empty()), ('clean_names', Clean_Colum_Names()),
                ('feature_select', Empty()), ('fix_multi', Empty()),
                ('dfs', Empty()), ('pca', Empty())],
         verbose=False)
2020-08-21 08:25:55,022:INFO:setup() succesfully completed......................................
2020-08-21 08:36:07,824:INFO:Initializing compare_models()
2020-08-21 08:36:07,825:INFO:compare_models(blacklist=None, whitelist=None, fold=10, round=4, sort=Accuracy, n_select=1, turbo=True, verbose=True)
2020-08-21 08:36:07,825:INFO:Checking exceptions
2020-08-21 08:36:07,830:INFO:Preloading libraries
2020-08-21 08:36:07,830:INFO:Preparing display monitor
2020-08-21 08:36:07,890:INFO:Copying training dataset
2020-08-21 08:36:07,893:INFO:Importing libraries
2020-08-21 08:36:07,945:INFO:Importing untrained models
2020-08-21 08:36:07,951:INFO:Import successful
2020-08-21 08:36:07,971:INFO:Defining folds
2020-08-21 08:36:07,972:INFO:Declaring metric variables
2020-08-21 08:36:07,972:INFO:Initializing Logistic Regression
2020-08-21 08:36:08,002:INFO:Initializing Fold 1
2020-08-21 08:36:08,910:INFO:Fitting Model
2020-08-21 08:38:26,891:INFO:Evaluating Metrics
2020-08-21 08:38:30,042:INFO:Compiling Metrics
2020-08-21 08:38:30,079:INFO:Initializing Fold 2
2020-08-21 08:38:34,718:INFO:Fitting Model
2020-08-21 08:51:30,479:INFO:Initializing compare_models()
2020-08-21 08:51:30,481:INFO:compare_models(blacklist=None, whitelist=None, fold=10, round=4, sort=Accuracy, n_select=1, turbo=True, verbose=True)
2020-08-21 08:51:30,481:INFO:Checking exceptions
2020-08-21 08:51:30,484:INFO:Preloading libraries
2020-08-21 08:51:30,484:INFO:Preparing display monitor
2020-08-21 08:51:30,511:INFO:Copying training dataset
2020-08-21 08:51:30,512:INFO:Importing libraries
2020-08-21 08:51:30,522:INFO:Importing untrained models
2020-08-21 08:51:30,529:INFO:Import successful
2020-08-21 08:51:30,537:INFO:Defining folds
2020-08-21 08:51:30,537:INFO:Declaring metric variables
2020-08-21 08:51:30,537:INFO:Initializing Logistic Regression
2020-08-21 08:51:30,547:INFO:Initializing Fold 1
2020-08-21 11:45:11,818:INFO:PyCaret Classification Module
2020-08-21 11:45:11,818:INFO:version 2.0
2020-08-21 11:45:11,818:INFO:Initializing setup()
2020-08-21 11:45:11,818:INFO:USI: 39ca
2020-08-21 11:45:11,818:INFO:setup(data=(20000, 14), target=PERFIL, train_size=0.7, sampling=True, sample_estimator=None, categorical_features=None, categorical_imputation=constant, ordinal_features=None,
                    high_cardinality_features=None, high_cardinality_method=frequency, numeric_features=None, numeric_imputation=mean, date_features=None, ignore_features=None, normalize=False,
                    normalize_method=zscore, transformation=False, transformation_method=yeo-johnson, handle_unknown_categorical=True, unknown_categorical_method=least_frequent, pca=False, pca_method=linear,
                    pca_components=None, ignore_low_variance=False, combine_rare_levels=False, rare_level_threshold=0.1, bin_numeric_features=None, remove_outliers=False, outliers_threshold=0.05,
                    remove_multicollinearity=False, multicollinearity_threshold=0.9, remove_perfect_collinearity=False, create_clusters=False, cluster_iter=20,
                    polynomial_features=False, polynomial_degree=2, trigonometry_features=False, polynomial_threshold=0.1, group_features=None,
                    group_names=None, feature_selection=False, feature_selection_threshold=0.8, feature_interaction=False, feature_ratio=False, interaction_threshold=0.01,
                    fix_imbalance=False, fix_imbalance_method=None, data_split_shuffle=True, folds_shuffle=False, n_jobs=-1, html=True, session_id=None, log_experiment=False,
                    experiment_name=None, log_plots=False, log_profile=False, log_data=False, silent=False, verbose=True, profile=False)
2020-08-21 11:45:11,818:INFO:Checking environment
2020-08-21 11:45:11,818:INFO:python_version: 3.7.3
2020-08-21 11:45:11,819:INFO:python_build: ('default', 'Mar 27 2019 22:11:17')
2020-08-21 11:45:11,819:INFO:machine: x86_64
2020-08-21 11:45:11,820:INFO:platform: Linux-4.15.0-112-generic-x86_64-with-debian-stretch-sid
2020-08-21 11:45:11,820:INFO:Memory: svmem(total=16713211904, available=8515035136, percent=49.1, used=7124811776, free=4987772928, active=6724317184, inactive=4166963200, buffers=328527872, cached=4272099328, shared=810205184, slab=367812608)
2020-08-21 11:45:11,821:INFO:Physical Core: 2
2020-08-21 11:45:11,822:INFO:Logical Core: 4
2020-08-21 11:45:11,822:INFO:Checking libraries
2020-08-21 11:45:11,822:INFO:pd==0.25.3
2020-08-21 11:45:11,822:INFO:numpy==1.19.1
2020-08-21 11:45:11,822:INFO:sklearn==0.23.2
2020-08-21 11:45:11,822:INFO:xgboost==1.1.1
2020-08-21 11:45:11,822:INFO:lightgbm==2.3.1
2020-08-21 11:45:12,042:INFO:catboost==0.23
2020-08-21 11:45:12,391:INFO:mlflow==1.3.0
2020-08-21 11:45:12,392:INFO:Checking Exceptions
2020-08-21 11:45:31,642:INFO:PyCaret Classification Module
2020-08-21 11:45:31,642:INFO:version 2.0
2020-08-21 11:45:31,642:INFO:Initializing setup()
2020-08-21 11:45:31,642:INFO:USI: 4270
2020-08-21 11:45:31,642:INFO:setup(data=(20000, 13), target=PERFIL, train_size=0.7, sampling=True, sample_estimator=None, categorical_features=None, categorical_imputation=constant, ordinal_features=None,
                    high_cardinality_features=None, high_cardinality_method=frequency, numeric_features=None, numeric_imputation=mean, date_features=None, ignore_features=None, normalize=False,
                    normalize_method=zscore, transformation=False, transformation_method=yeo-johnson, handle_unknown_categorical=True, unknown_categorical_method=least_frequent, pca=False, pca_method=linear,
                    pca_components=None, ignore_low_variance=False, combine_rare_levels=False, rare_level_threshold=0.1, bin_numeric_features=None, remove_outliers=False, outliers_threshold=0.05,
                    remove_multicollinearity=False, multicollinearity_threshold=0.9, remove_perfect_collinearity=False, create_clusters=False, cluster_iter=20,
                    polynomial_features=False, polynomial_degree=2, trigonometry_features=False, polynomial_threshold=0.1, group_features=None,
                    group_names=None, feature_selection=False, feature_selection_threshold=0.8, feature_interaction=False, feature_ratio=False, interaction_threshold=0.01,
                    fix_imbalance=False, fix_imbalance_method=None, data_split_shuffle=True, folds_shuffle=False, n_jobs=-1, html=True, session_id=None, log_experiment=False,
                    experiment_name=None, log_plots=False, log_profile=False, log_data=False, silent=False, verbose=True, profile=False)
2020-08-21 11:45:31,642:INFO:Checking environment
2020-08-21 11:45:31,642:INFO:python_version: 3.7.3
2020-08-21 11:45:31,643:INFO:python_build: ('default', 'Mar 27 2019 22:11:17')
2020-08-21 11:45:31,643:INFO:machine: x86_64
2020-08-21 11:45:31,643:INFO:platform: Linux-4.15.0-112-generic-x86_64-with-debian-stretch-sid
2020-08-21 11:45:31,643:INFO:Memory: svmem(total=16713211904, available=8513548288, percent=49.1, used=7127650304, free=4959408128, active=6736183296, inactive=4190121984, buffers=329252864, cached=4296900608, shared=807845888, slab=368369664)
2020-08-21 11:45:31,644:INFO:Physical Core: 2
2020-08-21 11:45:31,644:INFO:Logical Core: 4
2020-08-21 11:45:31,644:INFO:Checking libraries
2020-08-21 11:45:31,644:INFO:pd==0.25.3
2020-08-21 11:45:31,644:INFO:numpy==1.19.1
2020-08-21 11:45:31,644:INFO:sklearn==0.23.2
2020-08-21 11:45:31,644:INFO:xgboost==1.1.1
2020-08-21 11:45:31,644:INFO:lightgbm==2.3.1
2020-08-21 11:45:31,644:INFO:catboost==0.23
2020-08-21 11:45:31,644:INFO:mlflow==1.3.0
2020-08-21 11:45:31,644:INFO:Checking Exceptions
2020-08-21 11:45:50,912:INFO:PyCaret Classification Module
2020-08-21 11:45:50,912:INFO:version 2.0
2020-08-21 11:45:50,912:INFO:Initializing setup()
2020-08-21 11:45:50,912:INFO:USI: 77d2
2020-08-21 11:45:50,913:INFO:setup(data=(20000, 14), target=PERFIL, train_size=0.7, sampling=True, sample_estimator=None, categorical_features=None, categorical_imputation=constant, ordinal_features=None,
                    high_cardinality_features=None, high_cardinality_method=frequency, numeric_features=None, numeric_imputation=mean, date_features=None, ignore_features=None, normalize=False,
                    normalize_method=zscore, transformation=False, transformation_method=yeo-johnson, handle_unknown_categorical=True, unknown_categorical_method=least_frequent, pca=False, pca_method=linear,
                    pca_components=None, ignore_low_variance=False, combine_rare_levels=False, rare_level_threshold=0.1, bin_numeric_features=None, remove_outliers=False, outliers_threshold=0.05,
                    remove_multicollinearity=False, multicollinearity_threshold=0.9, remove_perfect_collinearity=False, create_clusters=False, cluster_iter=20,
                    polynomial_features=False, polynomial_degree=2, trigonometry_features=False, polynomial_threshold=0.1, group_features=None,
                    group_names=None, feature_selection=False, feature_selection_threshold=0.8, feature_interaction=False, feature_ratio=False, interaction_threshold=0.01,
                    fix_imbalance=False, fix_imbalance_method=None, data_split_shuffle=True, folds_shuffle=False, n_jobs=-1, html=True, session_id=None, log_experiment=False,
                    experiment_name=None, log_plots=False, log_profile=False, log_data=False, silent=False, verbose=True, profile=False)
2020-08-21 11:45:50,913:INFO:Checking environment
2020-08-21 11:45:50,913:INFO:python_version: 3.7.3
2020-08-21 11:45:50,913:INFO:python_build: ('default', 'Mar 27 2019 22:11:17')
2020-08-21 11:45:50,913:INFO:machine: x86_64
2020-08-21 11:45:50,913:INFO:platform: Linux-4.15.0-112-generic-x86_64-with-debian-stretch-sid
2020-08-21 11:45:50,914:INFO:Memory: svmem(total=16713211904, available=8546217984, percent=48.9, used=7095521280, free=4991905792, active=6703960064, inactive=4189679616, buffers=329330688, cached=4296454144, shared=807305216, slab=368214016)
2020-08-21 11:45:50,914:INFO:Physical Core: 2
2020-08-21 11:45:50,914:INFO:Logical Core: 4
2020-08-21 11:45:50,914:INFO:Checking libraries
2020-08-21 11:45:50,914:INFO:pd==0.25.3
2020-08-21 11:45:50,914:INFO:numpy==1.19.1
2020-08-21 11:45:50,915:INFO:sklearn==0.23.2
2020-08-21 11:45:50,915:INFO:xgboost==1.1.1
2020-08-21 11:45:50,915:INFO:lightgbm==2.3.1
2020-08-21 11:45:50,915:INFO:catboost==0.23
2020-08-21 11:45:50,915:INFO:mlflow==1.3.0
2020-08-21 11:45:50,915:INFO:Checking Exceptions
2020-08-21 11:45:50,915:INFO:Preloading libraries
2020-08-21 11:45:50,915:INFO:Preparing display monitor
2020-08-21 11:45:50,949:INFO:Importing libraries
2020-08-21 11:45:56,381:INFO:Copying data for preprocessing
2020-08-21 11:45:56,384:INFO:Declaring global variables
2020-08-21 11:45:56,402:INFO:Declaring preprocessing parameters
2020-08-21 11:45:56,402:INFO:Importing preprocessing module
2020-08-21 11:45:57,498:INFO:Creating preprocessing pipeline
2020-08-21 11:52:31,716:INFO:Preprocessing pipeline created successfully
2020-08-21 11:52:31,716:INFO:Creating grid variables
2020-08-21 11:52:31,720:INFO:Creating global containers
2020-08-21 11:52:31,895:INFO:create_model_container 0
2020-08-21 11:52:31,895:INFO:master_model_container 0
2020-08-21 11:52:31,895:INFO:display_container 0
2020-08-21 11:52:31,908:INFO:Pipeline(memory=None,
         steps=[('dtypes',
                 DataTypes_Auto_infer(categorical_features=[],
                                      display_types=True, features_todrop=[],
                                      ml_usecase='classification',
                                      numerical_features=[], target='PERFIL',
                                      time_features=[])),
                ('imputer',
                 Simple_Imputer(categorical_strategy='not_available',
                                numeric_strategy='mean',
                                target_variable=None)),
                ('new_levels1',
                 New_Catagorical_Lev...
                ('group', Empty()), ('nonliner', Empty()), ('scaling', Empty()),
                ('P_transform', Empty()), ('pt_target', Empty()),
                ('binn', Empty()), ('rem_outliers', Empty()),
                ('cluster_all', Empty()), ('dummy', Dummify(target='PERFIL')),
                ('fix_perfect', Empty()), ('clean_names', Clean_Colum_Names()),
                ('feature_select', Empty()), ('fix_multi', Empty()),
                ('dfs', Empty()), ('pca', Empty())],
         verbose=False)
2020-08-21 11:52:31,908:INFO:setup() succesfully completed......................................
2020-08-21 11:52:31,922:INFO:Initializing compare_models()
2020-08-21 11:52:31,922:INFO:compare_models(blacklist=None, whitelist=None, fold=10, round=4, sort=Accuracy, n_select=1, turbo=True, verbose=True)
2020-08-21 11:52:31,923:INFO:Checking exceptions
2020-08-21 11:52:31,927:INFO:Preloading libraries
2020-08-21 11:52:31,927:INFO:Preparing display monitor
2020-08-21 11:52:31,962:INFO:Copying training dataset
2020-08-21 11:52:31,963:INFO:Importing libraries
2020-08-21 11:52:31,994:INFO:Importing untrained models
2020-08-21 11:52:32,002:INFO:Import successful
2020-08-21 11:52:32,012:INFO:Defining folds
2020-08-21 11:52:32,013:INFO:Declaring metric variables
2020-08-21 11:52:32,013:INFO:Initializing Logistic Regression
2020-08-21 11:52:32,024:INFO:Initializing Fold 1
2020-08-21 11:52:32,035:INFO:Fitting Model
2020-08-21 11:52:32,706:INFO:Evaluating Metrics
2020-08-21 11:52:32,798:INFO:Compiling Metrics
2020-08-21 11:52:32,817:INFO:Initializing Fold 2
2020-08-21 11:52:32,858:INFO:Fitting Model
2020-08-21 11:52:33,298:INFO:Evaluating Metrics
2020-08-21 11:52:33,362:INFO:Compiling Metrics
2020-08-21 11:52:33,382:INFO:Initializing Fold 3
2020-08-21 11:52:33,419:INFO:Fitting Model
2020-08-21 11:52:33,897:INFO:Evaluating Metrics
2020-08-21 11:52:33,958:INFO:Compiling Metrics
2020-08-21 11:52:33,979:INFO:Initializing Fold 4
2020-08-21 11:52:33,994:INFO:Fitting Model
2020-08-21 11:52:34,655:INFO:Evaluating Metrics
2020-08-21 11:52:34,811:INFO:Compiling Metrics
2020-08-21 11:52:34,853:INFO:Initializing Fold 5
2020-08-21 11:52:34,880:INFO:Fitting Model
2020-08-21 11:52:35,388:INFO:Evaluating Metrics
2020-08-21 11:52:35,480:INFO:Compiling Metrics
2020-08-21 11:52:35,554:INFO:Initializing Fold 6
2020-08-21 11:52:35,566:INFO:Fitting Model
2020-08-21 11:52:36,232:INFO:Evaluating Metrics
2020-08-21 11:52:36,300:INFO:Compiling Metrics
2020-08-21 11:52:36,339:INFO:Initializing Fold 7
2020-08-21 11:52:36,368:INFO:Fitting Model
2020-08-21 11:52:37,039:INFO:Evaluating Metrics
2020-08-21 11:52:37,108:INFO:Compiling Metrics
2020-08-21 11:52:37,146:INFO:Initializing Fold 8
2020-08-21 11:52:37,180:INFO:Fitting Model
2020-08-21 11:52:37,673:INFO:Evaluating Metrics
2020-08-21 11:52:37,769:INFO:Compiling Metrics
2020-08-21 11:52:37,792:INFO:Initializing Fold 9
2020-08-21 11:52:37,820:INFO:Fitting Model
2020-08-21 11:52:38,586:INFO:Evaluating Metrics
2020-08-21 11:52:38,646:INFO:Compiling Metrics
2020-08-21 11:52:38,667:INFO:Initializing Fold 10
2020-08-21 11:52:38,691:INFO:Fitting Model
2020-08-21 11:52:39,254:INFO:Evaluating Metrics
2020-08-21 11:52:39,381:INFO:Compiling Metrics
2020-08-21 11:52:39,441:INFO:Calculating mean and std
2020-08-21 11:52:39,448:INFO:Creating metrics dataframe
2020-08-21 11:52:39,470:INFO:Initializing K Neighbors Classifier
2020-08-21 11:52:39,486:INFO:Initializing Fold 1
2020-08-21 11:52:39,500:INFO:Fitting Model
2020-08-21 11:52:39,971:INFO:Evaluating Metrics
2020-08-21 11:52:41,157:INFO:Compiling Metrics
2020-08-21 11:52:41,186:INFO:Initializing Fold 2
2020-08-21 11:52:41,223:INFO:Fitting Model
2020-08-21 11:52:41,605:INFO:Evaluating Metrics
2020-08-21 11:52:42,763:INFO:Compiling Metrics
2020-08-21 11:52:42,789:INFO:Initializing Fold 3
2020-08-21 11:52:42,817:INFO:Fitting Model
2020-08-21 11:52:43,230:INFO:Evaluating Metrics
2020-08-21 11:52:44,391:INFO:Compiling Metrics
2020-08-21 11:52:44,403:INFO:Initializing Fold 4
2020-08-21 11:52:44,416:INFO:Fitting Model
2020-08-21 11:52:44,813:INFO:Evaluating Metrics
2020-08-21 11:52:45,925:INFO:Compiling Metrics
2020-08-21 11:52:45,940:INFO:Initializing Fold 5
2020-08-21 11:52:45,951:INFO:Fitting Model
2020-08-21 11:52:46,412:INFO:Evaluating Metrics
2020-08-21 11:52:47,511:INFO:Compiling Metrics
2020-08-21 11:52:47,524:INFO:Initializing Fold 6
2020-08-21 11:52:47,538:INFO:Fitting Model
2020-08-21 11:52:47,971:INFO:Evaluating Metrics
2020-08-21 11:52:49,060:INFO:Compiling Metrics
2020-08-21 11:52:49,080:INFO:Initializing Fold 7
2020-08-21 11:52:49,094:INFO:Fitting Model
2020-08-21 11:52:49,537:INFO:Evaluating Metrics
2020-08-21 11:52:50,764:INFO:Compiling Metrics
2020-08-21 11:52:50,793:INFO:Initializing Fold 8
2020-08-21 11:52:50,815:INFO:Fitting Model
2020-08-21 11:52:51,466:INFO:Evaluating Metrics
2020-08-21 11:52:52,699:INFO:Compiling Metrics
2020-08-21 11:52:52,710:INFO:Initializing Fold 9
2020-08-21 11:52:52,719:INFO:Fitting Model
2020-08-21 11:52:53,094:INFO:Evaluating Metrics
2020-08-21 11:52:54,161:INFO:Compiling Metrics
2020-08-21 11:52:54,171:INFO:Initializing Fold 10
2020-08-21 11:52:54,181:INFO:Fitting Model
2020-08-21 11:52:54,609:INFO:Evaluating Metrics
2020-08-21 11:52:55,839:INFO:Compiling Metrics
2020-08-21 11:52:55,858:INFO:Calculating mean and std
2020-08-21 11:52:55,858:INFO:Creating metrics dataframe
2020-08-21 11:52:55,886:INFO:Initializing Naive Bayes
2020-08-21 11:52:55,910:INFO:Initializing Fold 1
2020-08-21 11:52:55,924:INFO:Fitting Model
2020-08-21 11:52:56,001:INFO:Evaluating Metrics
2020-08-21 11:52:56,046:INFO:Compiling Metrics
2020-08-21 11:52:56,062:INFO:Initializing Fold 2
2020-08-21 11:52:56,073:INFO:Fitting Model
2020-08-21 11:52:56,152:INFO:Evaluating Metrics
2020-08-21 11:52:56,206:INFO:Compiling Metrics
2020-08-21 11:52:56,219:INFO:Initializing Fold 3
2020-08-21 11:52:56,232:INFO:Fitting Model
2020-08-21 11:52:56,313:INFO:Evaluating Metrics
2020-08-21 11:52:56,352:INFO:Compiling Metrics
2020-08-21 11:52:56,361:INFO:Initializing Fold 4
2020-08-21 11:52:56,371:INFO:Fitting Model
2020-08-21 11:52:56,424:INFO:Evaluating Metrics
2020-08-21 11:52:56,470:INFO:Compiling Metrics
2020-08-21 11:52:56,488:INFO:Initializing Fold 5
2020-08-21 11:52:56,501:INFO:Fitting Model
2020-08-21 11:52:56,580:INFO:Evaluating Metrics
2020-08-21 11:52:56,646:INFO:Compiling Metrics
2020-08-21 11:52:56,662:INFO:Initializing Fold 6
2020-08-21 11:52:56,676:INFO:Fitting Model
2020-08-21 11:52:56,739:INFO:Evaluating Metrics
2020-08-21 11:52:56,786:INFO:Compiling Metrics
2020-08-21 11:52:56,795:INFO:Initializing Fold 7
2020-08-21 11:52:56,806:INFO:Fitting Model
2020-08-21 11:52:56,857:INFO:Evaluating Metrics
2020-08-21 11:52:56,900:INFO:Compiling Metrics
2020-08-21 11:52:56,910:INFO:Initializing Fold 8
2020-08-21 11:52:56,919:INFO:Fitting Model
2020-08-21 11:52:56,981:INFO:Evaluating Metrics
2020-08-21 11:52:57,035:INFO:Compiling Metrics
2020-08-21 11:52:57,047:INFO:Initializing Fold 9
2020-08-21 11:52:57,058:INFO:Fitting Model
2020-08-21 11:52:57,114:INFO:Evaluating Metrics
2020-08-21 11:52:57,162:INFO:Compiling Metrics
2020-08-21 11:52:57,171:INFO:Initializing Fold 10
2020-08-21 11:52:57,182:INFO:Fitting Model
2020-08-21 11:52:57,234:INFO:Evaluating Metrics
2020-08-21 11:52:57,272:INFO:Compiling Metrics
2020-08-21 11:52:57,281:INFO:Calculating mean and std
2020-08-21 11:52:57,281:INFO:Creating metrics dataframe
2020-08-21 11:52:57,297:INFO:Initializing Decision Tree Classifier
2020-08-21 11:52:57,310:INFO:Initializing Fold 1
2020-08-21 11:52:57,318:INFO:Fitting Model
2020-08-21 11:52:57,661:INFO:Evaluating Metrics
2020-08-21 11:52:57,695:INFO:Compiling Metrics
2020-08-21 11:52:57,704:INFO:Initializing Fold 2
2020-08-21 11:52:57,714:INFO:Fitting Model
2020-08-21 11:52:58,057:INFO:Evaluating Metrics
2020-08-21 11:52:58,091:INFO:Compiling Metrics
2020-08-21 11:52:58,102:INFO:Initializing Fold 3
2020-08-21 11:52:58,110:INFO:Fitting Model
2020-08-21 11:52:58,449:INFO:Evaluating Metrics
2020-08-21 11:52:58,494:INFO:Compiling Metrics
2020-08-21 11:52:58,505:INFO:Initializing Fold 4
2020-08-21 11:52:58,517:INFO:Fitting Model
2020-08-21 11:52:58,884:INFO:Evaluating Metrics
2020-08-21 11:52:58,917:INFO:Compiling Metrics
2020-08-21 11:52:58,932:INFO:Initializing Fold 5
2020-08-21 11:52:58,945:INFO:Fitting Model
2020-08-21 11:52:59,299:INFO:Evaluating Metrics
2020-08-21 11:52:59,335:INFO:Compiling Metrics
2020-08-21 11:52:59,344:INFO:Initializing Fold 6
2020-08-21 11:52:59,354:INFO:Fitting Model
2020-08-21 11:52:59,683:INFO:Evaluating Metrics
2020-08-21 11:52:59,718:INFO:Compiling Metrics
2020-08-21 11:52:59,729:INFO:Initializing Fold 7
2020-08-21 11:52:59,740:INFO:Fitting Model
2020-08-21 11:53:00,138:INFO:Evaluating Metrics
2020-08-21 11:53:00,174:INFO:Compiling Metrics
2020-08-21 11:53:00,185:INFO:Initializing Fold 8
2020-08-21 11:53:00,195:INFO:Fitting Model
2020-08-21 11:53:00,560:INFO:Evaluating Metrics
2020-08-21 11:53:00,596:INFO:Compiling Metrics
2020-08-21 11:53:00,605:INFO:Initializing Fold 9
2020-08-21 11:53:00,616:INFO:Fitting Model
2020-08-21 11:53:00,967:INFO:Evaluating Metrics
2020-08-21 11:53:01,013:INFO:Compiling Metrics
2020-08-21 11:53:01,025:INFO:Initializing Fold 10
2020-08-21 11:53:01,036:INFO:Fitting Model
2020-08-21 11:53:01,400:INFO:Evaluating Metrics
2020-08-21 11:53:01,440:INFO:Compiling Metrics
2020-08-21 11:53:01,452:INFO:Calculating mean and std
2020-08-21 11:53:01,452:INFO:Creating metrics dataframe
2020-08-21 11:53:01,469:INFO:Initializing SVM - Linear Kernel
2020-08-21 11:53:01,484:INFO:Initializing Fold 1
2020-08-21 11:53:01,495:INFO:Fitting Model
2020-08-21 11:53:03,940:INFO:Evaluating Metrics
2020-08-21 11:53:03,940:WARNING:model has no predict_proba attribute. pred_prob set to 0.00
2020-08-21 11:53:03,960:INFO:Compiling Metrics
2020-08-21 11:53:03,972:INFO:Initializing Fold 2
2020-08-21 11:53:03,986:INFO:Fitting Model
2020-08-21 11:53:06,078:INFO:Evaluating Metrics
2020-08-21 11:53:06,078:WARNING:model has no predict_proba attribute. pred_prob set to 0.00
2020-08-21 11:53:06,111:INFO:Compiling Metrics
2020-08-21 11:53:06,129:INFO:Initializing Fold 3
2020-08-21 11:53:06,140:INFO:Fitting Model
2020-08-21 11:53:08,576:INFO:Evaluating Metrics
2020-08-21 11:53:08,576:WARNING:model has no predict_proba attribute. pred_prob set to 0.00
2020-08-21 11:53:08,609:INFO:Compiling Metrics
2020-08-21 11:53:08,628:INFO:Initializing Fold 4
2020-08-21 11:53:08,642:INFO:Fitting Model
2020-08-21 11:53:10,685:INFO:Evaluating Metrics
2020-08-21 11:53:10,685:WARNING:model has no predict_proba attribute. pred_prob set to 0.00
2020-08-21 11:53:10,721:INFO:Compiling Metrics
2020-08-21 11:53:10,739:INFO:Initializing Fold 5
2020-08-21 11:53:10,753:INFO:Fitting Model
2020-08-21 11:53:13,154:INFO:Evaluating Metrics
2020-08-21 11:53:13,154:WARNING:model has no predict_proba attribute. pred_prob set to 0.00
2020-08-21 11:53:13,186:INFO:Compiling Metrics
2020-08-21 11:53:13,205:INFO:Initializing Fold 6
2020-08-21 11:53:13,218:INFO:Fitting Model
2020-08-21 11:53:15,598:INFO:Evaluating Metrics
2020-08-21 11:53:15,599:WARNING:model has no predict_proba attribute. pred_prob set to 0.00
2020-08-21 11:53:15,631:INFO:Compiling Metrics
2020-08-21 11:53:15,651:INFO:Initializing Fold 7
2020-08-21 11:53:15,665:INFO:Fitting Model
2020-08-21 11:53:17,908:INFO:Evaluating Metrics
2020-08-21 11:53:17,909:WARNING:model has no predict_proba attribute. pred_prob set to 0.00
2020-08-21 11:53:17,942:INFO:Compiling Metrics
2020-08-21 11:53:17,961:INFO:Initializing Fold 8
2020-08-21 11:53:17,975:INFO:Fitting Model
2020-08-21 11:53:20,396:INFO:Evaluating Metrics
2020-08-21 11:53:20,396:WARNING:model has no predict_proba attribute. pred_prob set to 0.00
2020-08-21 11:53:20,432:INFO:Compiling Metrics
2020-08-21 11:53:20,454:INFO:Initializing Fold 9
2020-08-21 11:53:20,471:INFO:Fitting Model
2020-08-21 11:53:22,732:INFO:Evaluating Metrics
2020-08-21 11:53:22,733:WARNING:model has no predict_proba attribute. pred_prob set to 0.00
2020-08-21 11:53:22,772:INFO:Compiling Metrics
2020-08-21 11:53:22,787:INFO:Initializing Fold 10
2020-08-21 11:53:22,808:INFO:Fitting Model
2020-08-21 11:53:25,281:INFO:Evaluating Metrics
2020-08-21 11:53:25,281:WARNING:model has no predict_proba attribute. pred_prob set to 0.00
2020-08-21 11:53:25,314:INFO:Compiling Metrics
2020-08-21 11:53:25,333:INFO:Calculating mean and std
2020-08-21 11:53:25,334:INFO:Creating metrics dataframe
2020-08-21 11:53:25,370:INFO:Initializing Ridge Classifier
2020-08-21 11:53:25,395:INFO:Initializing Fold 1
2020-08-21 11:53:25,404:INFO:Fitting Model
2020-08-21 11:53:25,516:INFO:Evaluating Metrics
2020-08-21 11:53:25,516:WARNING:model has no predict_proba attribute. pred_prob set to 0.00
2020-08-21 11:53:25,559:INFO:Compiling Metrics
2020-08-21 11:53:25,584:INFO:Initializing Fold 2
2020-08-21 11:53:25,605:INFO:Fitting Model
2020-08-21 11:53:25,797:INFO:Evaluating Metrics
2020-08-21 11:53:25,797:WARNING:model has no predict_proba attribute. pred_prob set to 0.00
2020-08-21 11:53:25,874:INFO:Compiling Metrics
2020-08-21 11:53:25,907:INFO:Initializing Fold 3
2020-08-21 11:53:25,943:INFO:Fitting Model
2020-08-21 11:53:26,096:INFO:Evaluating Metrics
2020-08-21 11:53:26,096:WARNING:model has no predict_proba attribute. pred_prob set to 0.00
2020-08-21 11:53:26,149:INFO:Compiling Metrics
2020-08-21 11:53:26,169:INFO:Initializing Fold 4
2020-08-21 11:53:26,191:INFO:Fitting Model
2020-08-21 11:53:26,332:INFO:Evaluating Metrics
2020-08-21 11:53:26,332:WARNING:model has no predict_proba attribute. pred_prob set to 0.00
2020-08-21 11:53:26,405:INFO:Compiling Metrics
2020-08-21 11:53:26,441:INFO:Initializing Fold 5
2020-08-21 11:53:26,475:INFO:Fitting Model
2020-08-21 11:53:26,633:INFO:Evaluating Metrics
2020-08-21 11:53:26,633:WARNING:model has no predict_proba attribute. pred_prob set to 0.00
2020-08-21 11:53:26,716:INFO:Compiling Metrics
2020-08-21 11:53:26,787:INFO:Initializing Fold 6
2020-08-21 11:53:26,801:INFO:Fitting Model
2020-08-21 11:53:26,986:INFO:Evaluating Metrics
2020-08-21 11:53:26,986:WARNING:model has no predict_proba attribute. pred_prob set to 0.00
2020-08-21 11:53:27,028:INFO:Compiling Metrics
2020-08-21 11:53:27,048:INFO:Initializing Fold 7
2020-08-21 11:53:27,069:INFO:Fitting Model
2020-08-21 11:53:27,241:INFO:Evaluating Metrics
2020-08-21 11:53:27,241:WARNING:model has no predict_proba attribute. pred_prob set to 0.00
2020-08-21 11:53:27,303:INFO:Compiling Metrics
2020-08-21 11:53:27,355:INFO:Initializing Fold 8
2020-08-21 11:53:27,383:INFO:Fitting Model
2020-08-21 11:53:27,563:INFO:Evaluating Metrics
2020-08-21 11:53:27,563:WARNING:model has no predict_proba attribute. pred_prob set to 0.00
2020-08-21 11:53:27,615:INFO:Compiling Metrics
2020-08-21 11:53:27,636:INFO:Initializing Fold 9
2020-08-21 11:53:27,690:INFO:Fitting Model
2020-08-21 11:53:27,940:INFO:Evaluating Metrics
2020-08-21 11:53:27,940:WARNING:model has no predict_proba attribute. pred_prob set to 0.00
2020-08-21 11:53:28,022:INFO:Compiling Metrics
2020-08-21 11:53:28,061:INFO:Initializing Fold 10
2020-08-21 11:53:28,081:INFO:Fitting Model
2020-08-21 11:53:28,202:INFO:Evaluating Metrics
2020-08-21 11:53:28,202:WARNING:model has no predict_proba attribute. pred_prob set to 0.00
2020-08-21 11:53:28,246:INFO:Compiling Metrics
2020-08-21 11:53:28,265:INFO:Calculating mean and std
2020-08-21 11:53:28,265:INFO:Creating metrics dataframe
2020-08-21 11:53:28,293:INFO:Initializing Random Forest Classifier
2020-08-21 11:53:28,307:INFO:Initializing Fold 1
2020-08-21 11:53:28,320:INFO:Fitting Model
2020-08-21 11:53:30,699:INFO:Evaluating Metrics
2020-08-21 11:53:31,854:INFO:Compiling Metrics
2020-08-21 11:53:31,880:INFO:Initializing Fold 2
2020-08-21 11:53:31,904:INFO:Fitting Model
2020-08-21 11:53:32,385:INFO:Evaluating Metrics
2020-08-21 11:53:33,512:INFO:Compiling Metrics
2020-08-21 11:53:33,553:INFO:Initializing Fold 3
2020-08-21 11:53:33,585:INFO:Fitting Model
2020-08-21 11:53:34,026:INFO:Evaluating Metrics
2020-08-21 11:53:35,174:INFO:Compiling Metrics
2020-08-21 11:53:35,222:INFO:Initializing Fold 4
2020-08-21 11:53:35,245:INFO:Fitting Model
2020-08-21 11:53:35,706:INFO:Evaluating Metrics
2020-08-21 11:53:36,836:INFO:Compiling Metrics
2020-08-21 11:53:36,855:INFO:Initializing Fold 5
2020-08-21 11:53:36,881:INFO:Fitting Model
2020-08-21 11:53:37,521:INFO:Evaluating Metrics
2020-08-21 11:53:38,668:INFO:Compiling Metrics
2020-08-21 11:53:38,689:INFO:Initializing Fold 6
2020-08-21 11:53:38,703:INFO:Fitting Model
2020-08-21 11:53:39,173:INFO:Evaluating Metrics
2020-08-21 11:53:40,337:INFO:Compiling Metrics
2020-08-21 11:53:40,372:INFO:Initializing Fold 7
2020-08-21 11:53:40,399:INFO:Fitting Model
2020-08-21 11:53:40,850:INFO:Evaluating Metrics
2020-08-21 11:53:42,009:INFO:Compiling Metrics
2020-08-21 11:53:42,042:INFO:Initializing Fold 8
2020-08-21 11:53:42,061:INFO:Fitting Model
2020-08-21 11:53:42,636:INFO:Evaluating Metrics
2020-08-21 11:53:43,859:INFO:Compiling Metrics
2020-08-21 11:53:43,883:INFO:Initializing Fold 9
2020-08-21 11:53:43,901:INFO:Fitting Model
2020-08-21 11:53:44,729:INFO:Evaluating Metrics
2020-08-21 11:53:45,967:INFO:Compiling Metrics
2020-08-21 11:53:45,998:INFO:Initializing Fold 10
2020-08-21 11:53:46,015:INFO:Fitting Model
2020-08-21 11:53:46,950:INFO:Evaluating Metrics
2020-08-21 11:53:48,205:INFO:Compiling Metrics
2020-08-21 11:53:48,226:INFO:Calculating mean and std
2020-08-21 11:53:48,227:INFO:Creating metrics dataframe
2020-08-21 11:53:48,266:INFO:Initializing Quadratic Discriminant Analysis
2020-08-21 11:53:48,287:INFO:Initializing Fold 1
2020-08-21 11:53:48,312:INFO:Fitting Model
2020-08-21 11:53:48,661:INFO:Evaluating Metrics
2020-08-21 11:53:48,779:INFO:Compiling Metrics
2020-08-21 11:53:48,814:INFO:Initializing Fold 2
2020-08-21 11:53:48,844:INFO:Fitting Model
2020-08-21 11:53:49,230:INFO:Evaluating Metrics
2020-08-21 11:53:49,352:INFO:Compiling Metrics
2020-08-21 11:53:49,386:INFO:Initializing Fold 3
2020-08-21 11:53:49,420:INFO:Fitting Model
2020-08-21 11:53:49,749:INFO:Evaluating Metrics
2020-08-21 11:53:49,916:INFO:Compiling Metrics
2020-08-21 11:53:49,953:INFO:Initializing Fold 4
2020-08-21 11:53:49,982:INFO:Fitting Model
2020-08-21 11:53:50,433:INFO:Evaluating Metrics
2020-08-21 11:53:50,581:INFO:Compiling Metrics
2020-08-21 11:53:50,615:INFO:Initializing Fold 5
2020-08-21 11:53:50,641:INFO:Fitting Model
2020-08-21 11:53:51,033:INFO:Evaluating Metrics
2020-08-21 11:53:51,220:INFO:Compiling Metrics
2020-08-21 11:53:51,283:INFO:Initializing Fold 6
2020-08-21 11:53:51,294:INFO:Fitting Model
2020-08-21 11:53:51,689:INFO:Evaluating Metrics
2020-08-21 11:53:51,899:INFO:Compiling Metrics
2020-08-21 11:53:51,942:INFO:Initializing Fold 7
2020-08-21 11:53:51,982:INFO:Fitting Model
2020-08-21 11:53:52,310:INFO:Evaluating Metrics
2020-08-21 11:53:52,556:INFO:Compiling Metrics
2020-08-21 11:53:52,597:INFO:Initializing Fold 8
2020-08-21 11:53:52,636:INFO:Fitting Model
2020-08-21 11:53:52,989:INFO:Evaluating Metrics
2020-08-21 11:53:53,064:INFO:Compiling Metrics
2020-08-21 11:53:53,083:INFO:Initializing Fold 9
2020-08-21 11:53:53,101:INFO:Fitting Model
2020-08-21 11:53:53,402:INFO:Evaluating Metrics
2020-08-21 11:53:53,520:INFO:Compiling Metrics
2020-08-21 11:53:53,540:INFO:Initializing Fold 10
2020-08-21 11:53:53,581:INFO:Fitting Model
2020-08-21 11:53:53,859:INFO:Evaluating Metrics
2020-08-21 11:53:54,002:INFO:Compiling Metrics
2020-08-21 11:53:54,024:INFO:Calculating mean and std
2020-08-21 11:53:54,025:INFO:Creating metrics dataframe
2020-08-21 11:53:54,082:INFO:Initializing Ada Boost Classifier
2020-08-21 11:53:54,096:INFO:Initializing Fold 1
2020-08-21 11:53:54,109:INFO:Fitting Model
2020-08-21 11:53:57,780:INFO:Evaluating Metrics
2020-08-21 11:53:58,123:INFO:Compiling Metrics
2020-08-21 11:53:58,137:INFO:Initializing Fold 2
2020-08-21 11:53:58,151:INFO:Fitting Model
2020-08-21 11:54:01,931:INFO:Evaluating Metrics
2020-08-21 11:54:02,212:INFO:Compiling Metrics
2020-08-21 11:54:02,222:INFO:Initializing Fold 3
2020-08-21 11:54:02,234:INFO:Fitting Model
2020-08-21 11:54:05,979:INFO:Evaluating Metrics
2020-08-21 11:54:06,259:INFO:Compiling Metrics
2020-08-21 11:54:06,269:INFO:Initializing Fold 4
2020-08-21 11:54:06,282:INFO:Fitting Model
2020-08-21 11:54:09,919:INFO:Evaluating Metrics
2020-08-21 11:54:10,247:INFO:Compiling Metrics
2020-08-21 11:54:10,257:INFO:Initializing Fold 5
2020-08-21 11:54:10,268:INFO:Fitting Model
2020-08-21 11:54:13,837:INFO:Evaluating Metrics
2020-08-21 11:54:14,112:INFO:Compiling Metrics
2020-08-21 11:54:14,121:INFO:Initializing Fold 6
2020-08-21 11:54:14,134:INFO:Fitting Model
2020-08-21 11:54:17,685:INFO:Evaluating Metrics
2020-08-21 11:54:17,955:INFO:Compiling Metrics
2020-08-21 11:54:17,965:INFO:Initializing Fold 7
2020-08-21 11:54:17,977:INFO:Fitting Model
2020-08-21 11:54:21,508:INFO:Evaluating Metrics
2020-08-21 11:54:21,780:INFO:Compiling Metrics
2020-08-21 11:54:21,789:INFO:Initializing Fold 8
2020-08-21 11:54:21,800:INFO:Fitting Model
2020-08-21 11:54:25,282:INFO:Evaluating Metrics
2020-08-21 11:54:25,551:INFO:Compiling Metrics
2020-08-21 11:54:25,563:INFO:Initializing Fold 9
2020-08-21 11:54:25,576:INFO:Fitting Model
2020-08-21 11:54:29,182:INFO:Evaluating Metrics
2020-08-21 11:54:29,464:INFO:Compiling Metrics
2020-08-21 11:54:29,474:INFO:Initializing Fold 10
2020-08-21 11:54:29,485:INFO:Fitting Model
2020-08-21 11:54:33,177:INFO:Evaluating Metrics
2020-08-21 11:54:33,523:INFO:Compiling Metrics
2020-08-21 11:54:33,534:INFO:Calculating mean and std
2020-08-21 11:54:33,534:INFO:Creating metrics dataframe
2020-08-21 11:54:33,553:INFO:Initializing Gradient Boosting Classifier
2020-08-21 11:54:33,562:INFO:Initializing Fold 1
2020-08-21 11:54:33,577:INFO:Fitting Model
2020-08-21 11:54:46,092:INFO:Evaluating Metrics
2020-08-21 11:54:46,150:INFO:Compiling Metrics
2020-08-21 11:54:46,161:INFO:Initializing Fold 2
2020-08-21 11:54:46,172:INFO:Fitting Model
2020-08-21 11:54:58,775:INFO:Evaluating Metrics
2020-08-21 11:54:58,925:INFO:Compiling Metrics
2020-08-21 11:54:58,954:INFO:Initializing Fold 3
2020-08-21 11:54:58,971:INFO:Fitting Model
2020-08-21 11:55:24,650:INFO:Evaluating Metrics
2020-08-21 11:55:24,727:INFO:Compiling Metrics
2020-08-21 11:55:24,740:INFO:Initializing Fold 4
2020-08-21 11:55:24,760:INFO:Fitting Model
2020-08-21 11:55:42,371:INFO:Evaluating Metrics
2020-08-21 11:55:42,466:INFO:Compiling Metrics
2020-08-21 11:55:42,481:INFO:Initializing Fold 5
2020-08-21 11:55:42,495:INFO:Fitting Model
2020-08-21 11:55:59,256:INFO:Evaluating Metrics
2020-08-21 11:55:59,338:INFO:Compiling Metrics
2020-08-21 11:55:59,357:INFO:Initializing Fold 6
2020-08-21 11:55:59,373:INFO:Fitting Model
2020-08-21 11:56:15,888:INFO:Evaluating Metrics
2020-08-21 11:56:15,965:INFO:Compiling Metrics
2020-08-21 11:56:15,980:INFO:Initializing Fold 7
2020-08-21 11:56:15,995:INFO:Fitting Model
2020-08-21 11:56:32,717:INFO:Evaluating Metrics
2020-08-21 11:56:32,799:INFO:Compiling Metrics
2020-08-21 11:56:32,814:INFO:Initializing Fold 8
2020-08-21 11:56:32,829:INFO:Fitting Model
2020-08-21 11:56:49,550:INFO:Evaluating Metrics
2020-08-21 11:56:49,632:INFO:Compiling Metrics
2020-08-21 11:56:49,645:INFO:Initializing Fold 9
2020-08-21 11:56:49,659:INFO:Fitting Model
2020-08-21 11:57:07,435:INFO:Evaluating Metrics
2020-08-21 11:57:07,514:INFO:Compiling Metrics
2020-08-21 11:57:07,528:INFO:Initializing Fold 10
2020-08-21 11:57:07,545:INFO:Fitting Model
2020-08-21 11:57:23,985:INFO:Evaluating Metrics
2020-08-21 11:57:24,057:INFO:Compiling Metrics
2020-08-21 11:57:24,069:INFO:Calculating mean and std
2020-08-21 11:57:24,069:INFO:Creating metrics dataframe
2020-08-21 11:57:24,091:INFO:Initializing Linear Discriminant Analysis
2020-08-21 11:57:24,104:INFO:Initializing Fold 1
2020-08-21 11:57:24,119:INFO:Fitting Model
2020-08-21 11:57:24,566:INFO:Evaluating Metrics
2020-08-21 11:57:24,630:INFO:Compiling Metrics
2020-08-21 11:57:24,652:INFO:Initializing Fold 2
2020-08-21 11:57:24,696:INFO:Fitting Model
2020-08-21 11:57:25,128:INFO:Evaluating Metrics
2020-08-21 11:57:25,195:INFO:Compiling Metrics
2020-08-21 11:57:25,217:INFO:Initializing Fold 3
2020-08-21 11:57:25,242:INFO:Fitting Model
2020-08-21 11:57:25,661:INFO:Evaluating Metrics
2020-08-21 11:57:25,737:INFO:Compiling Metrics
2020-08-21 11:57:25,782:INFO:Initializing Fold 4
2020-08-21 11:57:25,806:INFO:Fitting Model
2020-08-21 11:57:26,208:INFO:Evaluating Metrics
2020-08-21 11:57:26,297:INFO:Compiling Metrics
2020-08-21 11:57:26,327:INFO:Initializing Fold 5
2020-08-21 11:57:26,353:INFO:Fitting Model
2020-08-21 11:57:26,841:INFO:Evaluating Metrics
2020-08-21 11:57:26,918:INFO:Compiling Metrics
2020-08-21 11:57:26,943:INFO:Initializing Fold 6
2020-08-21 11:57:26,970:INFO:Fitting Model
2020-08-21 11:57:27,508:INFO:Evaluating Metrics
2020-08-21 11:57:27,575:INFO:Compiling Metrics
2020-08-21 11:57:27,597:INFO:Initializing Fold 7
2020-08-21 11:57:27,615:INFO:Fitting Model
2020-08-21 11:57:28,190:INFO:Evaluating Metrics
2020-08-21 11:57:28,256:INFO:Compiling Metrics
2020-08-21 11:57:28,287:INFO:Initializing Fold 8
2020-08-21 11:57:28,306:INFO:Fitting Model
2020-08-21 11:57:28,723:INFO:Evaluating Metrics
2020-08-21 11:57:28,839:INFO:Compiling Metrics
2020-08-21 11:57:28,870:INFO:Initializing Fold 9
2020-08-21 11:57:28,890:INFO:Fitting Model
2020-08-21 11:57:29,357:INFO:Evaluating Metrics
2020-08-21 11:57:29,434:INFO:Compiling Metrics
2020-08-21 11:57:29,458:INFO:Initializing Fold 10
2020-08-21 11:57:29,479:INFO:Fitting Model
2020-08-21 11:57:30,045:INFO:Evaluating Metrics
2020-08-21 11:57:30,120:INFO:Compiling Metrics
2020-08-21 11:57:30,145:INFO:Calculating mean and std
2020-08-21 11:57:30,146:INFO:Creating metrics dataframe
2020-08-21 11:57:30,209:INFO:Initializing Extra Trees Classifier
2020-08-21 11:57:30,229:INFO:Initializing Fold 1
2020-08-21 11:57:30,248:INFO:Fitting Model
2020-08-21 11:57:34,558:INFO:Evaluating Metrics
2020-08-21 11:57:35,645:INFO:Compiling Metrics
2020-08-21 11:57:35,661:INFO:Initializing Fold 2
2020-08-21 11:57:35,689:INFO:Fitting Model
2020-08-21 11:57:40,254:INFO:Evaluating Metrics
2020-08-21 11:57:41,346:INFO:Compiling Metrics
2020-08-21 11:57:41,369:INFO:Initializing Fold 3
2020-08-21 11:57:41,386:INFO:Fitting Model
2020-08-21 11:57:45,935:INFO:Evaluating Metrics
2020-08-21 11:57:47,033:INFO:Compiling Metrics
2020-08-21 11:57:47,058:INFO:Initializing Fold 4
2020-08-21 11:57:47,084:INFO:Fitting Model
2020-08-21 11:57:52,621:INFO:Evaluating Metrics
2020-08-21 11:57:53,750:INFO:Compiling Metrics
2020-08-21 11:57:53,763:INFO:Initializing Fold 5
2020-08-21 11:57:53,777:INFO:Fitting Model
2020-08-21 11:57:58,977:INFO:Evaluating Metrics
2020-08-21 11:58:00,057:INFO:Compiling Metrics
2020-08-21 11:58:00,076:INFO:Initializing Fold 6
2020-08-21 11:58:00,096:INFO:Fitting Model
2020-08-21 11:58:05,389:INFO:Evaluating Metrics
2020-08-21 11:58:06,474:INFO:Compiling Metrics
2020-08-21 11:58:06,494:INFO:Initializing Fold 7
2020-08-21 11:58:06,512:INFO:Fitting Model
2020-08-21 11:58:12,365:INFO:Evaluating Metrics
2020-08-21 11:58:13,456:INFO:Compiling Metrics
2020-08-21 11:58:13,472:INFO:Initializing Fold 8
2020-08-21 11:58:13,494:INFO:Fitting Model
2020-08-21 11:58:19,671:INFO:Evaluating Metrics
2020-08-21 11:58:20,983:INFO:Compiling Metrics
2020-08-21 11:58:20,998:INFO:Initializing Fold 9
2020-08-21 11:58:21,018:INFO:Fitting Model
2020-08-21 11:58:26,887:INFO:Evaluating Metrics
2020-08-21 11:58:28,027:INFO:Compiling Metrics
2020-08-21 11:58:28,049:INFO:Initializing Fold 10
2020-08-21 11:58:28,067:INFO:Fitting Model
2020-08-21 11:58:32,643:INFO:Evaluating Metrics
2020-08-21 11:58:33,873:INFO:Compiling Metrics
2020-08-21 11:58:33,893:INFO:Calculating mean and std
2020-08-21 11:58:33,894:INFO:Creating metrics dataframe
2020-08-21 11:58:33,927:INFO:Initializing Extreme Gradient Boosting
2020-08-21 11:58:33,952:INFO:Initializing Fold 1
2020-08-21 11:58:33,976:INFO:Fitting Model
2020-08-21 11:58:50,547:INFO:Evaluating Metrics
2020-08-21 11:58:50,696:INFO:Compiling Metrics
2020-08-21 11:58:50,708:INFO:Initializing Fold 2
2020-08-21 11:58:50,721:INFO:Fitting Model
2020-08-21 11:59:08,045:INFO:Evaluating Metrics
2020-08-21 11:59:08,215:INFO:Compiling Metrics
2020-08-21 11:59:08,231:INFO:Initializing Fold 3
2020-08-21 11:59:08,248:INFO:Fitting Model
2020-08-21 11:59:25,865:INFO:Evaluating Metrics
2020-08-21 11:59:26,015:INFO:Compiling Metrics
2020-08-21 11:59:26,028:INFO:Initializing Fold 4
2020-08-21 11:59:26,041:INFO:Fitting Model
2020-08-21 11:59:43,265:INFO:Evaluating Metrics
2020-08-21 11:59:43,413:INFO:Compiling Metrics
2020-08-21 11:59:43,425:INFO:Initializing Fold 5
2020-08-21 11:59:43,437:INFO:Fitting Model
2020-08-21 12:00:00,448:INFO:Evaluating Metrics
2020-08-21 12:00:00,597:INFO:Compiling Metrics
2020-08-21 12:00:00,609:INFO:Initializing Fold 6
2020-08-21 12:00:00,626:INFO:Fitting Model
2020-08-21 12:00:17,823:INFO:Evaluating Metrics
2020-08-21 12:00:17,977:INFO:Compiling Metrics
2020-08-21 12:00:17,992:INFO:Initializing Fold 7
2020-08-21 12:00:18,012:INFO:Fitting Model
2020-08-21 12:00:37,388:INFO:Evaluating Metrics
2020-08-21 12:00:37,581:INFO:Compiling Metrics
2020-08-21 12:00:37,607:INFO:Initializing Fold 8
2020-08-21 12:00:37,628:INFO:Fitting Model
2020-08-21 12:00:56,275:INFO:Evaluating Metrics
2020-08-21 12:00:56,426:INFO:Compiling Metrics
2020-08-21 12:00:56,438:INFO:Initializing Fold 9
2020-08-21 12:00:56,451:INFO:Fitting Model
2020-08-21 12:01:13,559:INFO:Evaluating Metrics
2020-08-21 12:01:13,722:INFO:Compiling Metrics
2020-08-21 12:01:13,737:INFO:Initializing Fold 10
2020-08-21 12:01:13,757:INFO:Fitting Model
2020-08-21 12:01:31,044:INFO:Evaluating Metrics
2020-08-21 12:01:31,211:INFO:Compiling Metrics
2020-08-21 12:01:31,226:INFO:Calculating mean and std
2020-08-21 12:01:31,227:INFO:Creating metrics dataframe
2020-08-21 12:01:31,255:INFO:Initializing Light Gradient Boosting Machine
2020-08-21 12:01:31,273:INFO:Initializing Fold 1
2020-08-21 12:01:31,285:INFO:Fitting Model
2020-08-21 12:01:33,597:INFO:Evaluating Metrics
2020-08-21 12:01:33,922:INFO:Compiling Metrics
2020-08-21 12:01:33,940:INFO:Initializing Fold 2
2020-08-21 12:01:33,960:INFO:Fitting Model
2020-08-21 12:01:36,173:INFO:Evaluating Metrics
2020-08-21 12:01:36,562:INFO:Compiling Metrics
2020-08-21 12:01:36,582:INFO:Initializing Fold 3
2020-08-21 12:01:36,601:INFO:Fitting Model
2020-08-21 12:01:38,687:INFO:Evaluating Metrics
2020-08-21 12:01:39,053:INFO:Compiling Metrics
2020-08-21 12:01:39,075:INFO:Initializing Fold 4
2020-08-21 12:01:39,096:INFO:Fitting Model
2020-08-21 12:01:41,510:INFO:Evaluating Metrics
2020-08-21 12:01:41,791:INFO:Compiling Metrics
2020-08-21 12:01:41,805:INFO:Initializing Fold 5
2020-08-21 12:01:41,817:INFO:Fitting Model
2020-08-21 12:01:44,311:INFO:Evaluating Metrics
2020-08-21 12:01:44,862:INFO:Compiling Metrics
2020-08-21 12:01:44,924:INFO:Initializing Fold 6
2020-08-21 12:01:44,971:INFO:Fitting Model
2020-08-21 12:01:47,146:INFO:Evaluating Metrics
2020-08-21 12:01:47,418:INFO:Compiling Metrics
2020-08-21 12:01:47,433:INFO:Initializing Fold 7
2020-08-21 12:01:47,450:INFO:Fitting Model
2020-08-21 12:01:49,469:INFO:Evaluating Metrics
2020-08-21 12:01:49,750:INFO:Compiling Metrics
2020-08-21 12:01:49,764:INFO:Initializing Fold 8
2020-08-21 12:01:49,779:INFO:Fitting Model
2020-08-21 12:01:51,799:INFO:Evaluating Metrics
2020-08-21 12:01:52,088:INFO:Compiling Metrics
2020-08-21 12:01:52,103:INFO:Initializing Fold 9
2020-08-21 12:01:52,116:INFO:Fitting Model
2020-08-21 12:01:54,250:INFO:Evaluating Metrics
2020-08-21 12:01:54,523:INFO:Compiling Metrics
2020-08-21 12:01:54,538:INFO:Initializing Fold 10
2020-08-21 12:01:54,551:INFO:Fitting Model
2020-08-21 12:01:56,537:INFO:Evaluating Metrics
2020-08-21 12:01:56,829:INFO:Compiling Metrics
2020-08-21 12:01:56,844:INFO:Calculating mean and std
2020-08-21 12:01:56,845:INFO:Creating metrics dataframe
2020-08-21 12:01:56,876:INFO:Initializing CatBoost Classifier
2020-08-21 12:01:56,893:INFO:Initializing Fold 1
2020-08-21 12:01:56,906:INFO:Fitting Model
2020-08-21 12:03:17,864:INFO:Evaluating Metrics
2020-08-21 12:03:18,187:INFO:Compiling Metrics
2020-08-21 12:03:18,214:INFO:Initializing Fold 2
2020-08-21 12:03:18,248:INFO:Fitting Model
2020-08-21 12:04:49,736:INFO:Evaluating Metrics
2020-08-21 12:04:49,885:INFO:Compiling Metrics
2020-08-21 12:04:49,909:INFO:Initializing Fold 3
2020-08-21 12:04:49,928:INFO:Fitting Model
2020-08-21 12:06:03,984:INFO:Evaluating Metrics
2020-08-21 12:06:04,111:INFO:Compiling Metrics
2020-08-21 12:06:04,137:INFO:Initializing Fold 4
2020-08-21 12:06:04,187:INFO:Fitting Model
2020-08-21 12:07:38,015:INFO:Evaluating Metrics
2020-08-21 12:07:38,133:INFO:Compiling Metrics
2020-08-21 12:07:38,150:INFO:Initializing Fold 5
2020-08-21 12:07:38,169:INFO:Fitting Model
2020-08-21 12:09:20,425:INFO:Evaluating Metrics
2020-08-21 12:09:20,534:INFO:Compiling Metrics
2020-08-21 12:09:20,548:INFO:Initializing Fold 6
2020-08-21 12:09:20,565:INFO:Fitting Model
2020-08-21 12:10:47,402:INFO:Evaluating Metrics
2020-08-21 12:10:47,480:INFO:Compiling Metrics
2020-08-21 12:10:47,496:INFO:Initializing Fold 7
2020-08-21 12:10:47,511:INFO:Fitting Model
2020-08-21 12:12:19,951:INFO:Evaluating Metrics
2020-08-21 12:12:20,267:INFO:Compiling Metrics
2020-08-21 12:12:20,313:INFO:Initializing Fold 8
2020-08-21 12:12:20,345:INFO:Fitting Model
2020-08-21 12:13:30,082:INFO:Evaluating Metrics
2020-08-21 12:13:30,210:INFO:Compiling Metrics
2020-08-21 12:13:30,227:INFO:Initializing Fold 9
2020-08-21 12:13:30,261:INFO:Fitting Model
2020-08-21 12:14:58,670:INFO:Evaluating Metrics
2020-08-21 12:14:58,729:INFO:Compiling Metrics
2020-08-21 12:14:58,744:INFO:Initializing Fold 10
2020-08-21 12:14:58,757:INFO:Fitting Model
2020-08-21 12:16:14,663:INFO:Evaluating Metrics
2020-08-21 12:16:14,713:INFO:Compiling Metrics
2020-08-21 12:16:14,725:INFO:Calculating mean and std
2020-08-21 12:16:14,725:INFO:Creating metrics dataframe
2020-08-21 12:16:14,777:INFO:Finalizing top_n models
2020-08-21 12:16:14,777:INFO:SubProcess create_model() called ==================================
2020-08-21 12:16:14,786:INFO:Initializing create_model()
2020-08-21 12:16:14,786:INFO:create_model(estimator=gbc, ensemble=False, method=None, fold=10, round=4, cross_validation=True, verbose=False, system=False)
2020-08-21 12:16:14,786:INFO:Checking exceptions
2020-08-21 12:16:14,786:INFO:Preloading libraries
2020-08-21 12:16:14,786:INFO:Preparing display monitor
2020-08-21 12:16:14,800:INFO:Copying training dataset
2020-08-21 12:16:14,801:INFO:Importing libraries
2020-08-21 12:16:14,802:INFO:Defining folds
2020-08-21 12:16:14,803:INFO:Declaring metric variables
2020-08-21 12:16:14,804:INFO:Importing untrained model
2020-08-21 12:16:14,804:INFO:Gradient Boosting Classifier Imported succesfully
2020-08-21 12:16:14,805:INFO:Checking ensemble method
2020-08-21 12:16:14,807:INFO:Target variable is Multiclass. OneVsRestClassifier activated
2020-08-21 12:16:14,812:INFO:Initializing Fold 1
2020-08-21 12:16:14,815:INFO:Fitting Model
2020-08-21 12:16:26,665:INFO:Evaluating Metrics
2020-08-21 12:16:26,745:INFO:Compiling Metrics
2020-08-21 12:16:26,768:INFO:Initializing Fold 2
2020-08-21 12:16:26,774:INFO:Fitting Model
2020-08-21 12:16:36,917:INFO:Evaluating Metrics
2020-08-21 12:16:37,034:INFO:Compiling Metrics
2020-08-21 12:16:37,050:INFO:Initializing Fold 3
2020-08-21 12:16:37,056:INFO:Fitting Model
2020-08-21 12:16:49,872:INFO:Evaluating Metrics
2020-08-21 12:16:50,002:INFO:Compiling Metrics
2020-08-21 12:16:50,035:INFO:Initializing Fold 4
2020-08-21 12:16:50,041:INFO:Fitting Model
2020-08-21 12:17:02,250:INFO:Evaluating Metrics
2020-08-21 12:17:02,361:INFO:Compiling Metrics
2020-08-21 12:17:02,382:INFO:Initializing Fold 5
2020-08-21 12:17:02,385:INFO:Fitting Model
2020-08-21 12:17:14,594:INFO:Evaluating Metrics
2020-08-21 12:17:14,776:INFO:Compiling Metrics
2020-08-21 12:17:14,802:INFO:Initializing Fold 6
2020-08-21 12:17:14,806:INFO:Fitting Model
2020-08-21 12:17:29,690:INFO:Evaluating Metrics
2020-08-21 12:17:29,839:INFO:Compiling Metrics
2020-08-21 12:17:29,910:INFO:Initializing Fold 7
2020-08-21 12:17:29,926:INFO:Fitting Model
2020-08-21 12:17:43,618:INFO:Evaluating Metrics
2020-08-21 12:17:43,756:INFO:Compiling Metrics
2020-08-21 12:17:43,787:INFO:Initializing Fold 8
2020-08-21 12:17:43,794:INFO:Fitting Model
2020-08-21 12:17:56,710:INFO:Evaluating Metrics
2020-08-21 12:17:56,866:INFO:Compiling Metrics
2020-08-21 12:17:56,892:INFO:Initializing Fold 9
2020-08-21 12:17:56,898:INFO:Fitting Model
2020-08-21 12:18:12,706:INFO:Evaluating Metrics
2020-08-21 12:18:12,944:INFO:Compiling Metrics
2020-08-21 12:18:12,976:INFO:Initializing Fold 10
2020-08-21 12:18:12,980:INFO:Fitting Model
2020-08-21 12:18:26,895:INFO:Evaluating Metrics
2020-08-21 12:18:27,020:INFO:Compiling Metrics
2020-08-21 12:18:27,049:INFO:Calculating mean and std
2020-08-21 12:18:27,052:INFO:Creating metrics dataframe
2020-08-21 12:18:27,063:INFO:Finalizing model
2020-08-21 12:18:37,552:INFO:Uploading results into container
2020-08-21 12:18:37,553:INFO:Uploading model into container now
2020-08-21 12:18:37,553:INFO:create_model_container: 1
2020-08-21 12:18:37,553:INFO:master_model_container: 1
2020-08-21 12:18:37,553:INFO:display_container: 1
2020-08-21 12:18:37,558:INFO:OneVsRestClassifier(estimator=GradientBoostingClassifier(ccp_alpha=0.0,
                                                         criterion='friedman_mse',
                                                         init=None,
                                                         learning_rate=0.1,
                                                         loss='deviance',
                                                         max_depth=3,
                                                         max_features=None,
                                                         max_leaf_nodes=None,
                                                         min_impurity_decrease=0.0,
                                                         min_impurity_split=None,
                                                         min_samples_leaf=1,
                                                         min_samples_split=2,
                                                         min_weight_fraction_leaf=0.0,
                                                         n_estimators=100,
                                                         n_iter_no_change=None,
                                                         presort='deprecated',
                                                         random_state=2069,
                                                         subsample=1.0,
                                                         tol=0.0001,
                                                         validation_fraction=0.1,
                                                         verbose=0,
                                                         warm_start=False),
                    n_jobs=-1)
2020-08-21 12:18:37,559:INFO:create_model() succesfully completed......................................
2020-08-21 12:18:37,559:INFO:SubProcess create_model() end ==================================
2020-08-21 12:18:37,678:INFO:create_model_container: 1
2020-08-21 12:18:37,678:INFO:master_model_container: 1
2020-08-21 12:18:37,679:INFO:display_container: 2
2020-08-21 12:18:37,683:INFO:OneVsRestClassifier(estimator=GradientBoostingClassifier(ccp_alpha=0.0,
                                                         criterion='friedman_mse',
                                                         init=None,
                                                         learning_rate=0.1,
                                                         loss='deviance',
                                                         max_depth=3,
                                                         max_features=None,
                                                         max_leaf_nodes=None,
                                                         min_impurity_decrease=0.0,
                                                         min_impurity_split=None,
                                                         min_samples_leaf=1,
                                                         min_samples_split=2,
                                                         min_weight_fraction_leaf=0.0,
                                                         n_estimators=100,
                                                         n_iter_no_change=None,
                                                         presort='deprecated',
                                                         random_state=2069,
                                                         subsample=1.0,
                                                         tol=0.0001,
                                                         validation_fraction=0.1,
                                                         verbose=0,
                                                         warm_start=False),
                    n_jobs=-1)
2020-08-21 12:18:37,683:INFO:compare_models() succesfully completed......................................
